<?xml version="1.0" encoding="UTF-8"?>
<testng-results skipped="0" failed="0" ignored="0" total="1" passed="1">
  <reporter-output>
  </reporter-output>
  <suite name="Suite" duration-ms="14688" started-at="2020-02-14T08:58:24Z" finished-at="2020-02-14T08:58:38Z">
    <groups>
    </groups>
    <test name="Test" duration-ms="14688" started-at="2020-02-14T08:58:24Z" finished-at="2020-02-14T08:58:38Z">
      <class name="webdriver1.Test1">
        <test-method status="PASS" signature="login()[pri:0, instance:webdriver1.Test1@482f8f11]" name="login" duration-ms="14641" started-at="2020-02-14T08:58:24Z" finished-at="2020-02-14T08:58:38Z">
          <reporter-output>
          </reporter-output>
        </test-method> <!-- login -->
      </class> <!-- webdriver1.Test1 -->
    </test> <!-- Test -->
  </suite> <!-- Suite -->
</testng-results>
